# JRE version: 7.0_15-b03
# Java VM: Java HotSpot(TM) Client VM (23.7-b01 mixed mode windows-x86 )
Heap
 def new generation   total 4928K, used 3985K [0x03900000, 0x03e50000, 0x08e50000)
  eden space 4416K,  78% used [0x03900000, 0x03c64400, 0x03d50000)
  from space 512K, 100% used [0x03d50000, 0x03dd0000, 0x03dd0000)
  to   space 512K,   0% used [0x03dd0000, 0x03dd0000, 0x03e50000)
 tenured generation   total 10944K, used 1350K [0x08e50000, 0x09900000, 0x13900000)
   the space 10944K,  12% used [0x08e50000, 0x08fa19f0, 0x08fa1a00, 0x09900000)
 compacting perm gen  total 12288K, used 6225K [0x13900000, 0x14500000, 0x17900000)
   the space 12288K,  50% used [0x13900000, 0x13f14478, 0x13f14600, 0x14500000)
GC Heap History (4 events):
Event: 4.240 GC heap before
{Heap before GC invocations=0 (full 0):
 def new generation   total 4928K, used 4416K [0x03900000, 0x03e50000, 0x08e50000)
  eden space 4416K, 100% used [0x03900000, 0x03d50000, 0x03d50000)
  from space 512K,   0% used [0x03d50000, 0x03d50000, 0x03dd0000)
  to   space 512K,   0% used [0x03dd0000, 0x03dd0000, 0x03e50000)
 tenured generation   total 10944K, used 0K [0x08e50000, 0x09900000, 0x13900000)
   the space 10944K,   0% used [0x08e50000, 0x08e50000, 0x08e50200, 0x09900000)
 compacting perm gen  total 12288K, used 2805K [0x13900000, 0x14500000, 0x17900000)
   the space 12288K,  22% used [0x13900000, 0x13bbd410, 0x13bbd600, 0x14500000)
No shared spaces configured.
Event: 4.244 GC heap after
Heap after GC invocations=1 (full 0):
 def new generation   total 4928K, used 512K [0x03900000, 0x03e50000, 0x08e50000)
  eden space 4416K,   0% used [0x03900000, 0x03900000, 0x03d50000)
  from space 512K, 100% used [0x03dd0000, 0x03e50000, 0x03e50000)
  to   space 512K,   0% used [0x03d50000, 0x03d50000, 0x03dd0000)
 tenured generation   total 10944K, used 489K [0x08e50000, 0x09900000, 0x13900000)
   the space 10944K,   4% used [0x08e50000, 0x08eca548, 0x08eca600, 0x09900000)
 compacting perm gen  total 12288K, used 2805K [0x13900000, 0x14500000, 0x17900000)
   the space 12288K,  22% used [0x13900000, 0x13bbd410, 0x13bbd600, 0x14500000)
No shared spaces configured.
}
Event: 5.240 GC heap before
{Heap before GC invocations=1 (full 0):
 def new generation   total 4928K, used 4136K [0x03900000, 0x03e50000, 0x08e50000)
  eden space 4416K,  82% used [0x03900000, 0x03c8a090, 0x03d50000)
  from space 512K, 100% used [0x03dd0000, 0x03e50000, 0x03e50000)
  to   space 512K,   0% used [0x03d50000, 0x03d50000, 0x03dd0000)
 tenured generation   total 10944K, used 489K [0x08e50000, 0x09900000, 0x13900000)
   the space 10944K,   4% used [0x08e50000, 0x08eca548, 0x08eca600, 0x09900000)
 compacting perm gen  total 12288K, used 6129K [0x13900000, 0x14500000, 0x17900000)
   the space 12288K,  49% used [0x13900000, 0x13efc568, 0x13efc600, 0x14500000)
No shared spaces configured.
Event: 5.249 GC heap after
Heap after GC invocations=2 (full 0):
 def new generation   total 4928K, used 512K [0x03900000, 0x03e50000, 0x08e50000)
  eden space 4416K,   0% used [0x03900000, 0x03900000, 0x03d50000)
  from space 512K, 100% used [0x03d50000, 0x03dd0000, 0x03dd0000)
  to   space 512K,   0% used [0x03dd0000, 0x03dd0000, 0x03e50000)
 tenured generation   total 10944K, used 1350K [0x08e50000, 0x09900000, 0x13900000)
   the space 10944K,  12% used [0x08e50000, 0x08fa19f0, 0x08fa1a00, 0x09900000)
 compacting perm gen  total 12288K, used 6129K [0x13900000, 0x14500000, 0x17900000)
   the space 12288K,  49% used [0x13900000, 0x13efc568, 0x13efc600, 0x14500000)
No shared spaces configured.
}

